{
  "stats": {
    "suites": 2,
    "tests": 1,
    "passes": 1,
    "pending": 0,
    "failures": 0,
    "start": "2023-04-01T19:16:52.190Z",
    "end": "2023-04-01T19:16:52.287Z",
    "duration": 97,
    "testsRegistered": 1,
    "passPercent": 100,
    "pendingPercent": 0,
    "other": 0,
    "hasOther": false,
    "skipped": 0,
    "hasSkipped": false
  },
  "results": [
    {
      "uuid": "309ed362-922c-4f5b-89db-0a6c7d0f5658",
      "title": "",
      "fullFile": "cypress/e2e/tests/users/get-users.spec.js",
      "file": "cypress/e2e/tests/users/get-users.spec.js",
      "beforeHooks": [],
      "afterHooks": [],
      "tests": [],
      "suites": [
        {
          "uuid": "b85ec443-9e1e-4c74-b975-06f0b113585e",
          "title": "Request users",
          "fullFile": "",
          "file": "",
          "beforeHooks": [],
          "afterHooks": [],
          "tests": [],
          "suites": [
            {
              "uuid": "7ba92172-5ec0-4e4b-95c9-eaf2cc83622c",
              "title": "GET /users",
              "fullFile": "",
              "file": "",
              "beforeHooks": [],
              "afterHooks": [],
              "tests": [
                {
                  "title": "gets a list of users",
                  "fullTitle": "Request users GET /users gets a list of users",
                  "timedOut": null,
                  "duration": 72,
                  "state": "passed",
                  "speed": "fast",
                  "pass": true,
                  "fail": false,
                  "pending": false,
                  "context": null,
                  "code": "//cy.request(\"GET\", \"/users\").then((response) => {\n// expect(response.status).to.eq(200)\n//expect(response.body.results).length.to.be.greaterThan(1)\nexpect(true).to.eq(true);",
                  "err": {},
                  "uuid": "1eb528e3-b481-48cc-9b09-343ebe45fadc",
                  "parentUUID": "7ba92172-5ec0-4e4b-95c9-eaf2cc83622c",
                  "isHook": false,
                  "skipped": false
                }
              ],
              "suites": [],
              "passes": [
                "1eb528e3-b481-48cc-9b09-343ebe45fadc"
              ],
              "failures": [],
              "pending": [],
              "skipped": [],
              "duration": 72,
              "root": false,
              "rootEmpty": false,
              "_timeout": 2000
            }
          ],
          "passes": [],
          "failures": [],
          "pending": [],
          "skipped": [],
          "duration": 0,
          "root": false,
          "rootEmpty": false,
          "_timeout": 2000
        }
      ],
      "passes": [],
      "failures": [],
      "pending": [],
      "skipped": [],
      "duration": 0,
      "root": true,
      "rootEmpty": true,
      "_timeout": 2000
    }
  ],
  "meta": {
    "mocha": {
      "version": "7.0.1"
    },
    "mochawesome": {
      "options": {
        "quiet": false,
        "reportFilename": "mochawesome",
        "saveHtml": true,
        "saveJson": true,
        "consoleReporter": "spec",
        "useInlineDiffs": false,
        "code": true
      },
      "version": "7.1.3"
    },
    "marge": {
      "options": null,
      "version": "6.2.0"
    }
  }
}